----------------------------------------------
----------------------------------------------
Itinerario de nuestros visitantes:
----------------------------------------------
----------------------------------------------
Nombre de Usuario: Frodo
----------------------------------------------
Itinerario:

Promocion:
Pack Exploracion
Atracciones Incluidas: [Bosque negro, Moria]
Tipo: Aventura
Costo: 10.4 Monedas de oro
Duracion: 6.0 Horas

Costo Total: 10.4 Monedas de Oro
Duracion Total: 6.0 Horas
----------------------------------------------
----------------------------------------------
Nombre de Usuario: Galadriel
----------------------------------------------
Itinerario:

Promocion:
Pack Paisajista
Atracciones Incluidas: [Minas Tirith, Abismo de Helm, Erebor]
Tipo: Paisajes
Costo: 10.0 Monedas de oro
Duracion: 7.5 Horas

Atraccion:
Rivendell
Costo: 10.0 Monedas de oro
Duracion: 1.0 Horas

Costo Total: 20.0 Monedas de Oro
Duracion Total: 8.5 Horas
----------------------------------------------
----------------------------------------------
Nombre de Usuario: Sam
----------------------------------------------
Itinerario:

Promocion:
Pack Velada
Atracciones Incluidas: [El dragon verde, La Comarca]
Tipo: Degustacion
Costo: 11.0 Monedas de oro
Duracion: 8.5 Horas

Atraccion:
Moria
Costo: 10.0 Monedas de oro
Duracion: 2.0 Horas

Costo Total: 21.0 Monedas de Oro
Duracion Total: 10.5 Horas
----------------------------------------------
----------------------------------------------
Nombre de Usuario: Legolas
----------------------------------------------
Itinerario:

No acepto ninguna sugerencia
=(
----------------------------------------------
----------------------------------------------
